<?xml version="1.0" encoding="UTF-8"?>
<!-- Generated by org.testng.reporters.JUnitReportReporter -->
<testsuite hostname="rajani-PC" name="maven.mavenProject.FactorialTest" tests="1" failures="0" timestamp="4 Apr 2019 11:49:47 GMT" time="0.021" errors="0">
  <testcase name="factorial" time="0.021" classname="maven.mavenProject.FactorialTest"/>
</testsuite> <!-- maven.mavenProject.FactorialTest -->
